Drill Listing
=============
Drill: .01575  Tool: 1  Feed: 95  Speed: 300
X 142755  Y 199514
X 182755  Y 199514
X 142755  Y 244514
X 182755  Y 244514
X 137755  Y 344514
X 142755  Y 374514
X 150255  Y 404514
X 155255  Y 444514
X 190255  Y 472014
X 275255  Y 539514
X 205255  Y 489514
X 262755  Y 244514
X 222755  Y 244514
X 262755  Y 199514
X 222755  Y 199514
X 310255  Y 549514
X 395255  Y 552014
X 327755  Y 554514
X 365255  Y 557014
X 428300  Y 545200
X 472755  Y 479514
X 477755  Y 437014
X 490255  Y 409514
X 455255  Y 174514
X 482755  Y 174514
X 445255  Y 152014
X 512755  Y 174514
X 500255  Y 347014
X 500255  Y 377014

Drill: .0374  Tool: 2  Feed: 197  Speed: 550
X 187755  Y 124514
X 197755  Y 124514
X 207755  Y 124514
X 217755  Y 124514
X 207755  Y 134514
X 197755  Y 134514
X 217755  Y 134514
X 187755  Y 134514
X 227755  Y 134514
X 237755  Y 134514
X 247755  Y 134514
X 257755  Y 134514
X 267755  Y 134514
X 247755  Y 124514
X 237755  Y 124514
X 257755  Y 124514
X 227755  Y 124514
X 267755  Y 124514
X 277755  Y 124514
X 287755  Y 124514
X 297755  Y 124514
X 307755  Y 124514
X 317755  Y 124514
X 287755  Y 134514
X 307755  Y 134514
X 277755  Y 134514
X 317755  Y 134514
X 297755  Y 134514
X 327755  Y 134514
X 337755  Y 134514
X 347755  Y 134514
X 337755  Y 124514
X 327755  Y 124514
X 347755  Y 124514

Drill: .1063  Tool: 3  Feed: 69  Speed: 658
X 152755  Y 129514

Drill: .1063  Tool: 4  Feed: 69  Speed: 658
X 382755  Y 129514

Drill: .111  Tool: 5  Feed: 69  Speed: 658
X 122707  Y 139515
X 357693  Y 197039
X 122708  Y 529508
X 357705  Y 584519
X 592702  Y 529512
X 592694  Y 197033

Drill: .177  Tool: 6  Feed: 35  Speed: 1033
X 229688  Y 317027
X 485682  Y 317031

End of Listing
