Drill Listing
=============
Drill: .03346  Tool: 1  Feed: 197  Speed: 550
X 276200  Y 176800
X 276205  Y 191643
X 296205  Y 191643
X 344383  Y 321300
X 379383  Y 321300
X 325412  Y 176800

Drill: .035  Tool: 2  Feed: 197  Speed: 550
X 331200  Y 120700
X 341200  Y 120700

Drill: .03937  Tool: 3  Feed: 197  Speed: 550
X 348200  Y 469400
X 348200  Y 489400
X 374500  Y 489300
X 374500  Y 469300

Drill: .04724  Tool: 4  Feed: 139  Speed: 550
X 118900  Y 129500
X 158105  Y 129782
X 118900  Y 139500
X 158105  Y 148782
X 118900  Y 149500
X 127200  Y 229400
X 127200  Y 249400
X 129400  Y 309200
X 129400  Y 319200
X 129400  Y 407625
X 167944  Y 486100
X 128574  Y 486100
X 207314  Y 486100
X 188000  Y 456625
X 188000  Y 368200
X 188000  Y 358200
X 177400  Y 282400
X 207400  Y 282400
X 207317  Y 148782
X 207317  Y 129782
X 227029  Y 139800
X 246714  Y 139800
X 266400  Y 139800
X 254800  Y 259800
X 254800  Y 269800
X 254800  Y 279800
X 246800  Y 358200
X 246800  Y 368200
X 246800  Y 456625
X 246685  Y 486100
X 286055  Y 486100
X 325425  Y 486100
X 320500  Y 448300
X 290700  Y 434800
X 320500  Y 420800
X 290700  Y 356000
X 320500  Y 355800
X 280759  Y 277514
X 280759  Y 238144
X 286085  Y 139800
X 305770  Y 139800
X 364500  Y 130000
X 364500  Y 140000
X 364500  Y 150000
X 359500  Y 218459
X 359500  Y 297200
X 365000  Y 355800
X 365000  Y 444382

Drill: .05512  Tool: 5  Feed: 107  Speed: 550
X 138081  Y 191100
X 153829  Y 191100
X 169577  Y 191100
X 185325  Y 191100
X 201074  Y 191100
X 216822  Y 191100
X 232570  Y 191100
X 248318  Y 191100

Drill: .06299  Tool: 6  Feed: 89  Speed: 550
X 150161  Y 233205
X 233822  Y 233205

Drill: .16142  Tool: 7  Feed: 35  Speed: 1033
X 142900  Y 142800
X 143400  Y 426000
X 339800  Y 426600
X 339400  Y 143700

End of Listing
