Drill Listing
=============
Drill: .03543  Tool: 1  Feed: 197  Speed: 550
X 132440  Y 182834
X 142440  Y 182834
X 182440  Y 182834
X 222440  Y 182834
X 235039  Y 182637
X 245039  Y 182637
X 285039  Y 182637
X 325039  Y 182637
X 337362  Y 182637
X 347362  Y 182637
X 387362  Y 182637
X 427362  Y 182637
X 446997  Y 302222
X 446997  Y 262222
X 446997  Y 222222
X 446997  Y 212222

Drill: .04  Tool: 2  Feed: 139  Speed: 550
X 234921  Y 159960
X 172480  Y 160000
X 132480  Y 160000
X 319921  Y 160196
X 337440  Y 160078
X 274921  Y 159960
X 319921  Y 120196
X 447076  Y 157261
X 377440  Y 160078
X 447076  Y 197261
X 469803  Y 310393
X 469803  Y 270393

Drill: .05118  Tool: 3  Feed: 107  Speed: 550
X 337322  Y 255236
X 337204  Y 275196
X 337283  Y 292716
X 337244  Y 312716

Drill: .05512  Tool: 4  Feed: 107  Speed: 550
X 175354  Y 225157
X 175354  Y 250157
X 175354  Y 275157
X 175354  Y 291299
X 129803  Y 335314
X 149488  Y 335314
X 169173  Y 335314
X 188858  Y 335314
X 208543  Y 335314
X 228228  Y 335314
X 227322  Y 291299
X 210000  Y 291299
X 192677  Y 291299
X 227322  Y 275157
X 210000  Y 275157
X 192677  Y 275157
X 192677  Y 250157
X 210000  Y 250157
X 227322  Y 250157
X 227322  Y 225157
X 262913  Y 225314
X 262913  Y 250314
X 262913  Y 275314
X 262913  Y 291456
X 247913  Y 335314
X 267598  Y 335314
X 287283  Y 335314
X 306968  Y 335314
X 326653  Y 335314
X 297559  Y 291456
X 280236  Y 291456
X 314881  Y 291456
X 297559  Y 275314
X 314881  Y 275314
X 280236  Y 275314
X 314881  Y 250314
X 280236  Y 250314
X 297559  Y 250314
X 314881  Y 225314
X 362716  Y 225314
X 362716  Y 250314
X 362716  Y 275314
X 362716  Y 291456
X 369606  Y 335196
X 346338  Y 335314
X 389291  Y 335196
X 408976  Y 335196
X 428661  Y 335196
X 380039  Y 291456
X 397362  Y 291456
X 414685  Y 291456
X 380039  Y 275314
X 414685  Y 275314
X 397362  Y 275314
X 380039  Y 250314
X 414685  Y 250314
X 397362  Y 250314
X 414685  Y 225314
X 494763  Y 155354
X 494763  Y 207322
X 448346  Y 335196
X 468031  Y 335196
X 487716  Y 335196
X 507401  Y 335196
X 527086  Y 335196
X 546771  Y 335196
X 544763  Y 207322
X 519763  Y 207322
X 544763  Y 155354
X 519763  Y 155354
X 602204  Y 150433
X 560905  Y 155354
X 602204  Y 170118
X 602204  Y 189803
X 560905  Y 207322
X 602204  Y 209488
X 602204  Y 229173
X 602204  Y 248858
X 586141  Y 335196
X 566456  Y 335196

Drill: .05906  Tool: 5  Feed: 107  Speed: 550
X 134842  Y 224921
X 134842  Y 309921
X 494645  Y 250354
X 579645  Y 250354

Drill: .158  Tool: 6  Feed: 35  Speed: 900
X 195826  Y 380275
X 590826  Y 380669

Drill: .177  Tool: 7  Feed: 35  Speed: 1033
X 147440  Y 117637
X 147125  Y 380000
X 344527  Y 380275
X 344921  Y 117755
X 542322  Y 118110
X 541968  Y 380551
X 620905  Y 295669

End of Listing
