Drill Listing
=============
Drill: .0315  Tool: 1  Feed: 197  Speed: 550
X 410251  Y 546007
X 430251  Y 546007
X 430251  Y 566007
X 410251  Y 566007
X 410751  Y 587007
X 420751  Y 587007
X 430751  Y 587007
X 430751  Y 627007
X 410751  Y 627007
X 420751  Y 627007
X 450751  Y 627007
X 440751  Y 627007
X 480751  Y 627007
X 470751  Y 627007
X 460751  Y 627007
X 440751  Y 607007
X 480751  Y 607007
X 460751  Y 587007
X 470751  Y 587007
X 440751  Y 587007
X 450751  Y 587007
X 450251  Y 566007
X 470251  Y 566007
X 481251  Y 547507
X 440251  Y 546007
X 481251  Y 537507
X 440251  Y 536007
X 491251  Y 537507
X 491251  Y 547507
X 491251  Y 557507
X 491251  Y 567507
X 491251  Y 577507
X 491251  Y 587507
X 491251  Y 597507
X 491251  Y 607507
X 491251  Y 617507
X 491251  Y 627507
X 521251  Y 627507
X 521251  Y 617507
X 521251  Y 607507
X 521251  Y 597507
X 521251  Y 587507
X 521251  Y 577507
X 521251  Y 567507
X 531251  Y 557507
X 531251  Y 547507
X 531251  Y 537507
X 541751  Y 442007
X 541751  Y 462007
X 566251  Y 542507
X 556251  Y 552507
X 576251  Y 552507
X 536251  Y 572507
X 556251  Y 587507
X 566251  Y 587507
X 536251  Y 592507
X 536251  Y 607507
X 556251  Y 627507
X 566251  Y 627507
X 536251  Y 627507
Drill: .0374  Tool: 2  Feed: 197  Speed: 550
X 426751  Y 432007
X 466751  Y 432007
X 446751  Y 512007
X 466751  Y 512007
X 541751  Y 522007
X 486751  Y 512007
X 541751  Y 482007
X 506751  Y 432007
X 576251  Y 433507
X 596251  Y 513507
X 596751  Y 553507
X 586751  Y 586007
X 594251  Y 616007
X 584251  Y 636007
X 611751  Y 628507
X 621751  Y 628507
X 636751  Y 628507
X 651751  Y 628507
X 621751  Y 608507
X 611751  Y 588507
X 651751  Y 588507
X 636751  Y 588507
X 651751  Y 553507
X 616751  Y 553507
X 631751  Y 553507
X 616251  Y 513507
X 636251  Y 513507
X 656251  Y 433507
X 616251  Y 433507
X 671751  Y 533507
X 671751  Y 573507
X 671751  Y 588507
X 661751  Y 588507
X 661751  Y 628507
X 671751  Y 628507
Drill: .04528  Tool: 3  Feed: 139  Speed: 550
X 411751  Y 407007
X 426751  Y 407007
X 441751  Y 407007
X 456751  Y 407007
X 636251  Y 408507
X 666251  Y 408507
End of Listing
