Drill Listing
=============
Drill: .02756  Tool: 1  Feed: 197  Speed: 550
X 262500  Y 122500
X 275000  Y 432500
X 365000  Y 487500
X 385000  Y 487500
X 515000  Y 377500

Drill: .035  Tool: 2  Feed: 197  Speed: 550
X 162500  Y 117500
X 147500  Y 117500
X 162500  Y 167500
X 147500  Y 167500
X 147500  Y 212500
X 137500  Y 212500
X 122500  Y 212500
X 147500  Y 227500
X 157500  Y 237500
X 137500  Y 262500
X 122500  Y 262500
X 157500  Y 267500
X 147500  Y 282500
X 147500  Y 297500
X 147500  Y 312500
X 127500  Y 317500
X 147500  Y 327500
X 157500  Y 342500
X 142500  Y 347500
X 127500  Y 367500
X 142500  Y 367500
X 157500  Y 372500
X 147500  Y 412500
X 147500  Y 427500
X 147500  Y 442500
X 147500  Y 487500
X 177500  Y 487500
X 167500  Y 487500
X 167500  Y 412500
X 177500  Y 412500
X 167500  Y 372500
X 187500  Y 372500
X 177500  Y 372500
X 167500  Y 342500
X 177500  Y 342500
X 187500  Y 342500
X 167500  Y 267500
X 187500  Y 267500
X 177500  Y 267500
X 177500  Y 237500
X 167500  Y 237500
X 187500  Y 237500
X 197500  Y 212500
X 217500  Y 212500
X 232500  Y 212500
X 197500  Y 227500
X 217500  Y 262500
X 232500  Y 262500
X 197500  Y 282500
X 197500  Y 297500
X 197500  Y 312500
X 222500  Y 317500
X 197500  Y 327500
X 237500  Y 347500
X 222500  Y 367500
X 237500  Y 367500
X 197500  Y 412500
X 197500  Y 427500
X 197500  Y 442500
X 197500  Y 487500
X 242500  Y 487500
X 262500  Y 487500
X 242500  Y 442500
X 242500  Y 427500
X 242500  Y 412500
X 262500  Y 412500
X 262500  Y 372500
X 252500  Y 372500
X 252500  Y 342500
X 262500  Y 342500
X 242500  Y 327500
X 242500  Y 312500
X 242500  Y 297500
X 242500  Y 282500
X 262500  Y 267500
X 252500  Y 267500
X 262500  Y 237500
X 252500  Y 237500
X 242500  Y 227500
X 242500  Y 212500
X 312500  Y 187500
X 312500  Y 207500
X 292500  Y 212500
X 312500  Y 222500
X 292500  Y 227500
X 282500  Y 237500
X 272500  Y 237500
X 312500  Y 242500
X 272500  Y 267500
X 282500  Y 267500
X 292500  Y 282500
X 292500  Y 297500
X 292500  Y 312500
X 292500  Y 327500
X 272500  Y 342500
X 282500  Y 342500
X 282500  Y 372500
X 272500  Y 372500
X 272500  Y 412500
X 292500  Y 412500
X 292500  Y 427500
X 292500  Y 442500
X 292500  Y 487500
X 272500  Y 487500
X 322500  Y 372500
X 322500  Y 357500
X 327500  Y 342500
X 317500  Y 342500
X 337500  Y 342500
X 327500  Y 312500
X 337500  Y 312500
X 317500  Y 312500
X 332500  Y 297500
X 317500  Y 297500
X 332500  Y 287500
X 317500  Y 287500
X 332500  Y 242500
X 332500  Y 222500
X 332500  Y 207500
X 332500  Y 187500
X 352500  Y 187500
X 367500  Y 187500
X 387500  Y 187500
X 352500  Y 207500
X 387500  Y 207500
X 367500  Y 207500
X 352500  Y 222500
X 367500  Y 222500
X 387500  Y 222500
X 352500  Y 242500
X 387500  Y 242500
X 367500  Y 242500
X 387500  Y 287500
X 372500  Y 287500
X 387500  Y 297500
X 372500  Y 297500
X 382500  Y 312500
X 372500  Y 312500
X 347500  Y 312500
X 382500  Y 342500
X 372500  Y 342500
X 347500  Y 342500
X 377500  Y 357500
X 342500  Y 357500
X 342500  Y 372500
X 377500  Y 372500
X 362500  Y 377500
X 362500  Y 427500
X 417500  Y 427500
X 437500  Y 412500
X 417500  Y 377500
X 397500  Y 372500
X 437500  Y 362500
X 397500  Y 357500
X 392500  Y 342500
X 402500  Y 342500
X 427500  Y 317500
X 437500  Y 317500
X 402500  Y 312500
X 392500  Y 312500
X 437500  Y 287500
X 427500  Y 287500
X 407500  Y 242500
X 407500  Y 222500
X 407500  Y 207500
X 407500  Y 187500
X 447500  Y 287500
X 457500  Y 287500
X 487500  Y 287500
X 477500  Y 287500
X 487500  Y 317500
X 447500  Y 317500
X 457500  Y 317500
X 477500  Y 317500
X 447500  Y 337500
X 457500  Y 337500
X 457500  Y 362500
X 487500  Y 362500
X 442500  Y 387500
X 452500  Y 387500
X 487500  Y 412500
X 457500  Y 412500
X 477500  Y 422500
X 487500  Y 422500
X 447500  Y 427500
X 487500  Y 452500
X 477500  Y 452500
X 477500  Y 467500
X 447500  Y 477500
X 477500  Y 482500
X 477500  Y 497500
X 527500  Y 497500
X 527500  Y 482500
X 527500  Y 467500
X 537500  Y 467500
X 507500  Y 452500
X 497500  Y 452500
X 497500  Y 422500
X 507500  Y 422500
X 537500  Y 417500
X 507500  Y 412500
X 537500  Y 402500
X 492500  Y 387500
X 537500  Y 387500
X 502500  Y 387500
X 537500  Y 372500
X 507500  Y 362500
X 537500  Y 357500
X 537500  Y 342500
X 497500  Y 337500
X 507500  Y 337500
X 537500  Y 322500
X 497500  Y 317500
X 507500  Y 317500
X 507500  Y 287500
X 497500  Y 287500
X 527500  Y 237500
X 577500  Y 237500
X 587500  Y 237500
X 547500  Y 252500
X 577500  Y 252500
X 567500  Y 252500
X 577500  Y 267500
X 557500  Y 322500
X 572500  Y 322500
X 587500  Y 342500
X 587500  Y 357500
X 587500  Y 372500
X 587500  Y 387500
X 587500  Y 402500
X 587500  Y 417500
X 587500  Y 467500
X 557500  Y 467500
X 577500  Y 467500
X 557500  Y 487500
X 547500  Y 487500
X 587500  Y 497500
X 577500  Y 497500
X 597500  Y 497500
X 597500  Y 467500
X 607500  Y 452500
X 627500  Y 452500
X 627500  Y 422500
X 607500  Y 422500
X 622500  Y 392500
X 612500  Y 392500
X 617500  Y 332500
X 627500  Y 332500
X 592500  Y 322500
X 627500  Y 267500
X 627500  Y 252500
X 637500  Y 237500

Drill: .03543  Tool: 3  Feed: 197  Speed: 550
X 547500  Y 277500
X 557500  Y 277500
X 557500  Y 307500
X 547500  Y 307500
X 587500  Y 307500
X 577500  Y 307500
X 567500  Y 307500
X 607500  Y 307500
X 597500  Y 307500
X 577500  Y 277500
X 587500  Y 277500
X 567500  Y 277500
X 597500  Y 277500
X 607500  Y 277500
X 617500  Y 277500
X 627500  Y 277500
X 617500  Y 307500
X 627500  Y 307500

Drill: .04134  Tool: 4  Feed: 139  Speed: 550
X 147500  Y 187500
X 157500  Y 197500
X 122500  Y 282500
X 132500  Y 292500
X 122500  Y 302500
X 162500  Y 397500
X 147500  Y 457500
X 157500  Y 472500
X 196870  Y 472500
X 186870  Y 457500
X 182500  Y 397500
X 172500  Y 387500
X 197500  Y 197500
X 177500  Y 197500
X 187500  Y 187500
X 167500  Y 187500
X 262500  Y 187500
X 242500  Y 187500
X 252500  Y 197500
X 217500  Y 282500
X 227500  Y 292500
X 217500  Y 302500
X 257500  Y 397500
X 242500  Y 457500
X 252500  Y 472500
X 291870  Y 472500
X 281870  Y 457500
X 277500  Y 397500
X 267500  Y 387500
X 312500  Y 272500
X 312500  Y 257500
X 272500  Y 197500
X 292500  Y 197500
X 282500  Y 187500
X 351870  Y 257500
X 351870  Y 272500
X 332500  Y 387500
X 322500  Y 397500
X 342500  Y 397500
X 332500  Y 412500
X 322500  Y 422500
X 342500  Y 422500
X 377500  Y 422500
X 397500  Y 422500
X 387500  Y 412500
X 377500  Y 397500
X 397500  Y 397500
X 387500  Y 387500
X 406870  Y 272500
X 367500  Y 272500
X 406870  Y 257500
X 367500  Y 257500
X 427500  Y 192500
X 457500  Y 192500
X 442500  Y 192500
X 457500  Y 272500
X 427500  Y 272500
X 442500  Y 272500
X 462500  Y 438129
X 462500  Y 477500
X 537500  Y 432500
X 507500  Y 272500
X 492500  Y 272500
X 477500  Y 272500
X 492500  Y 192500
X 507500  Y 192500
X 477500  Y 192500
X 558129  Y 112500
X 558129  Y 132500
X 547500  Y 148129
X 562500  Y 152500
X 562500  Y 182500
X 547500  Y 187500
X 557500  Y 432500
X 587500  Y 432500
X 567500  Y 432500
X 547500  Y 442500
X 577500  Y 442500
X 597500  Y 357500
X 636870  Y 357500
X 592500  Y 182500
X 612500  Y 182500
X 632500  Y 182500
X 592500  Y 152500
X 612500  Y 152500
X 632500  Y 152500
X 597500  Y 132500
X 597500  Y 112500

Drill: .05315  Tool: 5  Feed: 107  Speed: 550
X 182500  Y 147500
X 202500  Y 147500
X 222500  Y 147500
X 242500  Y 147500
X 327500  Y 462500
X 347500  Y 462500
X 307500  Y 147500
X 347500  Y 147500
X 327500  Y 147500
X 367500  Y 147500
X 387500  Y 147500
X 407500  Y 147500
X 387500  Y 462500
X 367500  Y 462500
X 407500  Y 462500
X 427500  Y 462500
X 487500  Y 147500
X 467500  Y 147500
X 507500  Y 147500
X 527500  Y 147500

Drill: .06496  Tool: 6  Feed: 89  Speed: 550
X 537500  Y 212500
X 627500  Y 212500

Drill: .11811  Tool: 7  Feed: 69  Speed: 658
X 117500  Y 117500
X 117500  Y 492500
X 632500  Y 492500
X 632500  Y 117500

End of Listing
