Drill Listing
=============
Drill: .035  Tool: 1  Feed: 197  Speed: 550
X 177623  Y 122202
X 177623  Y 142202
X 177924  Y 160523
X 162924  Y 165523
X 162924  Y 185523
X 177924  Y 200523
X 132924  Y 215523
X 152924  Y 215523
X 172833  Y 221528
X 152924  Y 235523
X 132924  Y 235523
X 172833  Y 241528
X 152924  Y 255523
X 132924  Y 255523
X 132924  Y 275523
X 152924  Y 275523
X 152924  Y 295523
X 132924  Y 295523
X 177924  Y 340523
X 199024  Y 370323
X 189024  Y 360323
X 192924  Y 295523
X 192924  Y 285523
X 192924  Y 275523
X 192924  Y 265523
X 192924  Y 255523
X 192924  Y 245523
X 192924  Y 235523
X 192924  Y 225523
X 192924  Y 215523
X 192924  Y 205523
X 197924  Y 190523
X 207924  Y 120523
X 207924  Y 160523
X 217924  Y 190523
X 222924  Y 205523
X 222924  Y 215523
X 222924  Y 225523
X 222924  Y 235523
X 222924  Y 245523
X 222924  Y 255523
X 222924  Y 265523
X 222924  Y 275523
X 222924  Y 285523
X 222924  Y 295523
X 217924  Y 340523
X 209024  Y 360323
X 232924  Y 340523
X 272924  Y 340523
X 234024  Y 325323
X 277924  Y 305523
X 234024  Y 285323
X 277924  Y 265523
X 262924  Y 225523
X 252817  Y 208882
X 272817  Y 208882
X 262924  Y 180523
X 262924  Y 170523
X 262924  Y 160523
X 282924  Y 160523
X 302924  Y 170523
X 282924  Y 170523
X 282924  Y 180523
X 302924  Y 190523
X 324024  Y 215323
X 324024  Y 225323
X 302924  Y 225523
X 324024  Y 245323
X 307924  Y 245523
X 324024  Y 255323
X 307924  Y 265523
X 297924  Y 285523
X 297924  Y 325523
X 321224  Y 347259
X 371574  Y 370323
X 381574  Y 360323
X 361574  Y 360323
X 361224  Y 347259
X 377924  Y 345523
X 377924  Y 305523
X 354024  Y 255323
X 354024  Y 245323
X 354024  Y 225323
X 354024  Y 215323
X 369024  Y 205323
X 352924  Y 175523
X 342924  Y 175523
X 332924  Y 175523
X 369024  Y 165323
X 352924  Y 145523
X 362924  Y 145523
X 372924  Y 145523
X 352924  Y 130523
X 362924  Y 130523
X 372924  Y 130523
X 414024  Y 160323
X 426622  Y 160323
X 420323  Y 168197
X 382924  Y 180523
X 422924  Y 180523
X 382924  Y 200523
X 422924  Y 200523
X 402924  Y 215523
X 422924  Y 215523
X 402924  Y 255523
X 422924  Y 255523
X 427924  Y 270523
X 407924  Y 270523
X 392924  Y 305523
X 412924  Y 305523
X 437924  Y 245523
X 457924  Y 245523
X 437924  Y 225523
X 457924  Y 225523

Drill: .03937  Tool: 2  Feed: 197  Speed: 550
X 230583  Y 120075
X 149024  Y 160323
X 149024  Y 200323
X 256677  Y 358062
X 266677  Y 358062
X 244024  Y 195323
X 254205  Y 145665
X 234520  Y 145665
X 273890  Y 145665
X 264048  Y 145665
X 244363  Y 145665
X 283733  Y 145665
X 293575  Y 145665
X 303418  Y 145665
X 313260  Y 145665
X 323103  Y 145665
X 284024  Y 195323
X 302741  Y 358075
X 312741  Y 358075
X 332945  Y 145665
X 336882  Y 120075

End of Listing
