Drill Listing
=============
Drill: .0315  Tool: 1  Feed: 197  Speed: 550
X 225000  Y 335000
X 332500  Y 350000
X 339000  Y 407500
X 332500  Y 370000
X 327500  Y 387500
X 252500  Y 405000
X 225000  Y 375000
X 217500  Y 382500
X 217500  Y 392500
X 217500  Y 402500
X 187500  Y 382500
X 187500  Y 402500
X 187500  Y 392500
X 176800  Y 412400
X 176800  Y 372400
X 215000  Y 442500
X 227500  Y 455000
X 227500  Y 465000
X 252500  Y 445000
X 257500  Y 465000
X 257500  Y 455000
X 290000  Y 460000
X 295000  Y 420000
X 295000  Y 440000
X 301500  Y 480000
X 257500  Y 475000
X 227500  Y 475000
X 215000  Y 482500

Drill: .03937  Tool: 2  Feed: 197  Speed: 550
X 270000  Y 210000
X 290000  Y 227500
X 370000  Y 210000
X 390000  Y 282500
X 390000  Y 310000
X 377500  Y 260000
X 327500  Y 260000
X 310000  Y 282500
X 310000  Y 310000
X 290000  Y 307500
X 272500  Y 305000
X 241600  Y 294000
X 241600  Y 394000
X 272500  Y 385000
X 272500  Y 400000
X 290000  Y 355000
X 290000  Y 405000
X 310000  Y 407500
X 310000  Y 327500
X 272500  Y 480000

Drill: .04724  Tool: 3  Feed: 139  Speed: 550
X 116800  Y 138400
X 116800  Y 118000
X 398800  Y 119200
X 398800  Y 138400

Drill: .05512  Tool: 4  Feed: 107  Speed: 550
X 160000  Y 390000
X 160000  Y 370000
X 355000  Y 370000
X 355000  Y 390000
X 355000  Y 410000
X 317500  Y 442500
X 317500  Y 462500
X 197500  Y 462500
X 197500  Y 442500
X 160000  Y 410000
X 197500  Y 482500
X 317500  Y 482500

End of Listing
